2026-07-21 05:33:47 | INFO | Internet Connected
2026-07-21 05:33:47 | INFO | TS-OSINT Started
2026-07-21 05:34:18 | INFO | Phone Parser Selected
2026-07-21 05:34:34 | INFO | Phone Parser Request: +919905299502
2026-07-21 05:34:34 | INFO | Phone report exported successfully
2026-07-21 05:34:48 | INFO | Phone Parser Selected
2026-07-21 05:34:59 | INFO | Phone Parser Request: +919905299502
2026-07-21 05:34:59 | INFO | Phone report exported successfully
2026-07-21 05:35:28 | INFO | Settings Opened
2026-07-21 05:36:08 | INFO | Dashboard Opened
2026-07-21 05:36:39 | INFO | Dashboard Opened
2026-07-21 05:45:11 | INFO | Interrupted by User
2026-07-21 05:48:51 | INFO | Internet Connected
2026-07-21 05:48:51 | INFO | TS-OSINT Started
2026-07-21 05:49:47 | INFO | Interrupted by User
2026-07-21 05:51:57 | INFO | Internet Connected
2026-07-21 05:51:57 | INFO | TS-OSINT Started
2026-07-21 05:53:20 | INFO | Interrupted by User
2026-07-21 05:54:15 | INFO | Internet Connected
2026-07-21 05:54:15 | INFO | TS-OSINT Started
2026-07-21 06:00:14 | INFO | Interrupted by User
2026-07-21 07:07:09 | INFO | Internet Connected
2026-07-21 07:07:09 | INFO | TS-OSINT Started
2026-07-21 07:09:17 | INFO | Interrupted by User
